Command line invocation:
    /Applications/Xcode.app/Contents/Developer/usr/bin/xcodebuild -project DNAViewer.xcodeproj -scheme DNAViewer_iOS -configuration Debug -destination platform=iOS,name=jhlee clean build

ComputePackagePrebuildTargetDependencyGraph

CreateBuildRequest

SendProjectDescription

CreateBuildOperation

** CLEAN SUCCEEDED **

ComputePackagePrebuildTargetDependencyGraph

Prepare packages

CreateBuildRequest

SendProjectDescription

CreateBuildOperation

ComputeTargetDependencyGraph
note: Building targets in dependency order
note: Target dependency graph (1 target)
    Target 'DNAViewer_iOS' in project 'DNAViewer' (no dependencies)

GatherProvisioningInputs

CreateBuildDescription

ExecuteExternalTool /Applications/Xcode.app/Contents/Developer/Toolchains/XcodeDefault.xctoolchain/usr/bin/clang -v -E -dM -isysroot /Applications/Xcode.app/Contents/Developer/Platforms/iPhoneOS.platform/Developer/SDKs/iPhoneOS18.5.sdk -x c -c /dev/null

ExecuteExternalTool /Applications/Xcode.app/Contents/Developer/usr/bin/actool --print-asset-tag-combinations --output-format xml1 /Users/richard/source/DNAViewer/Sources/Resources/Assets.xcassets

ExecuteExternalTool /Applications/Xcode.app/Contents/Developer/usr/bin/actool --version --output-format xml1

ExecuteExternalTool /Applications/Xcode.app/Contents/Developer/Toolchains/XcodeDefault.xctoolchain/usr/bin/swiftc --version

ExecuteExternalTool /Applications/Xcode.app/Contents/Developer/Toolchains/XcodeDefault.xctoolchain/usr/bin/ld -version_details

Build description signature: 3f7ffda73c929810035ff83cd0460541
Build description path: /Users/richard/Library/Developer/Xcode/DerivedData/Build/Intermediates.noindex/XCBuildData/3f7ffda73c929810035ff83cd0460541.xcbuilddata
ClangStatCache /Applications/Xcode.app/Contents/Developer/Toolchains/XcodeDefault.xctoolchain/usr/bin/clang-stat-cache /Applications/Xcode.app/Contents/Developer/Platforms/iPhoneOS.platform/Developer/SDKs/iPhoneOS18.5.sdk /Users/richard/Library/Developer/Xcode/DerivedData/SDKStatCaches.noindex/iphoneos18.5-22F76-7fa4eea80a99bbfdc046826b63ec4baf.sdkstatcache
    cd /Users/richard/source/DNAViewer/DNAViewer.xcodeproj
    /Applications/Xcode.app/Contents/Developer/Toolchains/XcodeDefault.xctoolchain/usr/bin/clang-stat-cache /Applications/Xcode.app/Contents/Developer/Platforms/iPhoneOS.platform/Developer/SDKs/iPhoneOS18.5.sdk -o /Users/richard/Library/Developer/Xcode/DerivedData/SDKStatCaches.noindex/iphoneos18.5-22F76-7fa4eea80a99bbfdc046826b63ec4baf.sdkstatcache

CreateBuildDirectory /Users/richard/Library/Developer/Xcode/DerivedData/Build/Products
    cd /Users/richard/source/DNAViewer/DNAViewer.xcodeproj
    builtin-create-build-directory /Users/richard/Library/Developer/Xcode/DerivedData/Build/Products

CreateBuildDirectory /Users/richard/Library/Developer/Xcode/DerivedData/Build/Intermediates.noindex
    cd /Users/richard/source/DNAViewer/DNAViewer.xcodeproj
    builtin-create-build-directory /Users/richard/Library/Developer/Xcode/DerivedData/Build/Intermediates.noindex

CreateBuildDirectory /Users/richard/Library/Developer/Xcode/DerivedData/Build/Products/Debug-iphoneos
    cd /Users/richard/source/DNAViewer/DNAViewer.xcodeproj
    builtin-create-build-directory /Users/richard/Library/Developer/Xcode/DerivedData/Build/Products/Debug-iphoneos

WriteAuxiliaryFile /Users/richard/Library/Developer/Xcode/DerivedData/Build/Intermediates.noindex/DNAViewer.build/Debug-iphoneos/DNAViewer-2f96d109cda847193376e8970d1b1de4-VFS-iphoneos/all-product-headers.yaml
    cd /Users/richard/source/DNAViewer/DNAViewer.xcodeproj
    write-file /Users/richard/Library/Developer/Xcode/DerivedData/Build/Intermediates.noindex/DNAViewer.build/Debug-iphoneos/DNAViewer-2f96d109cda847193376e8970d1b1de4-VFS-iphoneos/all-product-headers.yaml

CreateBuildDirectory /Users/richard/Library/Developer/Xcode/DerivedData/Build/Intermediates.noindex/EagerLinkingTBDs/Debug-iphoneos
    cd /Users/richard/source/DNAViewer/DNAViewer.xcodeproj
    builtin-create-build-directory /Users/richard/Library/Developer/Xcode/DerivedData/Build/Intermediates.noindex/EagerLinkingTBDs/Debug-iphoneos

WriteAuxiliaryFile /Users/richard/Library/Developer/Xcode/DerivedData/Build/Intermediates.noindex/DNAViewer.build/Debug-iphoneos/DNAViewer_iOS.build/DNAViewer-own-target-headers.hmap (in target 'DNAViewer_iOS' from project 'DNAViewer')
    cd /Users/richard/source/DNAViewer
    write-file /Users/richard/Library/Developer/Xcode/DerivedData/Build/Intermediates.noindex/DNAViewer.build/Debug-iphoneos/DNAViewer_iOS.build/DNAViewer-own-target-headers.hmap

WriteAuxiliaryFile /Users/richard/Library/Developer/Xcode/DerivedData/Build/Intermediates.noindex/DNAViewer.build/Debug-iphoneos/DNAViewer_iOS.build/DNAViewer.hmap (in target 'DNAViewer_iOS' from project 'DNAViewer')
    cd /Users/richard/source/DNAViewer
    write-file /Users/richard/Library/Developer/Xcode/DerivedData/Build/Intermediates.noindex/DNAViewer.build/Debug-iphoneos/DNAViewer_iOS.build/DNAViewer.hmap

WriteAuxiliaryFile /Users/richard/Library/Developer/Xcode/DerivedData/Build/Intermediates.noindex/DNAViewer.build/Debug-iphoneos/DNAViewer_iOS.build/DNAViewer-project-headers.hmap (in target 'DNAViewer_iOS' from project 'DNAViewer')
    cd /Users/richard/source/DNAViewer
    write-file /Users/richard/Library/Developer/Xcode/DerivedData/Build/Intermediates.noindex/DNAViewer.build/Debug-iphoneos/DNAViewer_iOS.build/DNAViewer-project-headers.hmap

WriteAuxiliaryFile /Users/richard/Library/Developer/Xcode/DerivedData/Build/Intermediates.noindex/DNAViewer.build/Debug-iphoneos/DNAViewer_iOS.build/Objects-normal/arm64/DNAViewer.SwiftFileList (in target 'DNAViewer_iOS' from project 'DNAViewer')
    cd /Users/richard/source/DNAViewer
    write-file /Users/richard/Library/Developer/Xcode/DerivedData/Build/Intermediates.noindex/DNAViewer.build/Debug-iphoneos/DNAViewer_iOS.build/Objects-normal/arm64/DNAViewer.SwiftFileList

WriteAuxiliaryFile /Users/richard/Library/Developer/Xcode/DerivedData/Build/Intermediates.noindex/DNAViewer.build/Debug-iphoneos/DNAViewer_iOS.build/Objects-normal/arm64/DNAViewer_iOS_const_extract_protocols.json (in target 'DNAViewer_iOS' from project 'DNAViewer')
    cd /Users/richard/source/DNAViewer
    write-file /Users/richard/Library/Developer/Xcode/DerivedData/Build/Intermediates.noindex/DNAViewer.build/Debug-iphoneos/DNAViewer_iOS.build/Objects-normal/arm64/DNAViewer_iOS_const_extract_protocols.json

WriteAuxiliaryFile /Users/richard/Library/Developer/Xcode/DerivedData/Build/Intermediates.noindex/DNAViewer.build/Debug-iphoneos/DNAViewer_iOS.build/Objects-normal/arm64/DNAViewer_iOS-OutputFileMap.json (in target 'DNAViewer_iOS' from project 'DNAViewer')
    cd /Users/richard/source/DNAViewer
    write-file /Users/richard/Library/Developer/Xcode/DerivedData/Build/Intermediates.noindex/DNAViewer.build/Debug-iphoneos/DNAViewer_iOS.build/Objects-normal/arm64/DNAViewer_iOS-OutputFileMap.json

WriteAuxiliaryFile /Users/richard/Library/Developer/Xcode/DerivedData/Build/Intermediates.noindex/DNAViewer.build/Debug-iphoneos/DNAViewer_iOS.build/DerivedSources/Entitlements.plist (in target 'DNAViewer_iOS' from project 'DNAViewer')
    cd /Users/richard/source/DNAViewer
    write-file /Users/richard/Library/Developer/Xcode/DerivedData/Build/Intermediates.noindex/DNAViewer.build/Debug-iphoneos/DNAViewer_iOS.build/DerivedSources/Entitlements.plist

WriteAuxiliaryFile /Users/richard/Library/Developer/Xcode/DerivedData/Build/Intermediates.noindex/DNAViewer.build/Debug-iphoneos/DNAViewer_iOS.build/Objects-normal/arm64/DNAViewer.SwiftConstValuesFileList (in target 'DNAViewer_iOS' from project 'DNAViewer')
    cd /Users/richard/source/DNAViewer
    write-file /Users/richard/Library/Developer/Xcode/DerivedData/Build/Intermediates.noindex/DNAViewer.build/Debug-iphoneos/DNAViewer_iOS.build/Objects-normal/arm64/DNAViewer.SwiftConstValuesFileList

WriteAuxiliaryFile /Users/richard/Library/Developer/Xcode/DerivedData/Build/Intermediates.noindex/DNAViewer.build/Debug-iphoneos/DNAViewer_iOS.build/Objects-normal/arm64/DNAViewer.LinkFileList (in target 'DNAViewer_iOS' from project 'DNAViewer')
    cd /Users/richard/source/DNAViewer
    write-file /Users/richard/Library/Developer/Xcode/DerivedData/Build/Intermediates.noindex/DNAViewer.build/Debug-iphoneos/DNAViewer_iOS.build/Objects-normal/arm64/DNAViewer.LinkFileList

WriteAuxiliaryFile /Users/richard/Library/Developer/Xcode/DerivedData/Build/Intermediates.noindex/DNAViewer.build/Debug-iphoneos/DNAViewer_iOS.build/DNAViewer.DependencyStaticMetadataFileList (in target 'DNAViewer_iOS' from project 'DNAViewer')
    cd /Users/richard/source/DNAViewer
    write-file /Users/richard/Library/Developer/Xcode/DerivedData/Build/Intermediates.noindex/DNAViewer.build/Debug-iphoneos/DNAViewer_iOS.build/DNAViewer.DependencyStaticMetadataFileList

WriteAuxiliaryFile /Users/richard/Library/Developer/Xcode/DerivedData/Build/Intermediates.noindex/DNAViewer.build/Debug-iphoneos/DNAViewer_iOS.build/DNAViewer.DependencyMetadataFileList (in target 'DNAViewer_iOS' from project 'DNAViewer')
    cd /Users/richard/source/DNAViewer
    write-file /Users/richard/Library/Developer/Xcode/DerivedData/Build/Intermediates.noindex/DNAViewer.build/Debug-iphoneos/DNAViewer_iOS.build/DNAViewer.DependencyMetadataFileList

WriteAuxiliaryFile /Users/richard/Library/Developer/Xcode/DerivedData/Build/Intermediates.noindex/DNAViewer.build/Debug-iphoneos/DNAViewer_iOS.build/DNAViewer-generated-files.hmap (in target 'DNAViewer_iOS' from project 'DNAViewer')
    cd /Users/richard/source/DNAViewer
    write-file /Users/richard/Library/Developer/Xcode/DerivedData/Build/Intermediates.noindex/DNAViewer.build/Debug-iphoneos/DNAViewer_iOS.build/DNAViewer-generated-files.hmap

WriteAuxiliaryFile /Users/richard/Library/Developer/Xcode/DerivedData/Build/Intermediates.noindex/DNAViewer.build/Debug-iphoneos/DNAViewer_iOS.build/DNAViewer-all-target-headers.hmap (in target 'DNAViewer_iOS' from project 'DNAViewer')
    cd /Users/richard/source/DNAViewer
    write-file /Users/richard/Library/Developer/Xcode/DerivedData/Build/Intermediates.noindex/DNAViewer.build/Debug-iphoneos/DNAViewer_iOS.build/DNAViewer-all-target-headers.hmap

WriteAuxiliaryFile /Users/richard/Library/Developer/Xcode/DerivedData/Build/Intermediates.noindex/DNAViewer.build/Debug-iphoneos/DNAViewer_iOS.build/DNAViewer-all-non-framework-target-headers.hmap (in target 'DNAViewer_iOS' from project 'DNAViewer')
    cd /Users/richard/source/DNAViewer
    write-file /Users/richard/Library/Developer/Xcode/DerivedData/Build/Intermediates.noindex/DNAViewer.build/Debug-iphoneos/DNAViewer_iOS.build/DNAViewer-all-non-framework-target-headers.hmap

WriteAuxiliaryFile /Users/richard/Library/Developer/Xcode/DerivedData/Build/Intermediates.noindex/DNAViewer.build/Debug-iphoneos/DNAViewer_iOS.build/DNAViewer-DebugDylibPath-normal-arm64.txt (in target 'DNAViewer_iOS' from project 'DNAViewer')
    cd /Users/richard/source/DNAViewer
    write-file /Users/richard/Library/Developer/Xcode/DerivedData/Build/Intermediates.noindex/DNAViewer.build/Debug-iphoneos/DNAViewer_iOS.build/DNAViewer-DebugDylibPath-normal-arm64.txt

WriteAuxiliaryFile /Users/richard/Library/Developer/Xcode/DerivedData/Build/Intermediates.noindex/DNAViewer.build/Debug-iphoneos/DNAViewer_iOS.build/DNAViewer-DebugDylibInstallName-normal-arm64.txt (in target 'DNAViewer_iOS' from project 'DNAViewer')
    cd /Users/richard/source/DNAViewer
    write-file /Users/richard/Library/Developer/Xcode/DerivedData/Build/Intermediates.noindex/DNAViewer.build/Debug-iphoneos/DNAViewer_iOS.build/DNAViewer-DebugDylibInstallName-normal-arm64.txt

MkDir /Users/richard/Library/Developer/Xcode/DerivedData/Build/Products/Debug-iphoneos/DNAViewer.app (in target 'DNAViewer_iOS' from project 'DNAViewer')
    cd /Users/richard/source/DNAViewer
    /bin/mkdir -p /Users/richard/Library/Developer/Xcode/DerivedData/Build/Products/Debug-iphoneos/DNAViewer.app

ProcessProductPackaging "" /Users/richard/Library/Developer/Xcode/DerivedData/Build/Intermediates.noindex/DNAViewer.build/Debug-iphoneos/DNAViewer_iOS.build/DNAViewer.app.xcent (in target 'DNAViewer_iOS' from project 'DNAViewer')
    cd /Users/richard/source/DNAViewer
    
    Entitlements:
    
    {
    "application-identifier" = "DDU65CBFSC.com.avas.dnaviewer";
    "com.apple.developer.team-identifier" = DDU65CBFSC;
    "get-task-allow" = 1;
}
    
    builtin-productPackagingUtility -entitlements -format xml -o /Users/richard/Library/Developer/Xcode/DerivedData/Build/Intermediates.noindex/DNAViewer.build/Debug-iphoneos/DNAViewer_iOS.build/DNAViewer.app.xcent

ProcessProductPackaging /Users/richard/Library/Developer/Xcode/UserData/Provisioning\ Profiles/77473647-9976-46e2-9e04-d8fe39b82ab9.mobileprovision /Users/richard/Library/Developer/Xcode/DerivedData/Build/Products/Debug-iphoneos/DNAViewer.app/embedded.mobileprovision (in target 'DNAViewer_iOS' from project 'DNAViewer')
    cd /Users/richard/source/DNAViewer
    builtin-productPackagingUtility /Users/richard/Library/Developer/Xcode/UserData/Provisioning\ Profiles/77473647-9976-46e2-9e04-d8fe39b82ab9.mobileprovision -o /Users/richard/Library/Developer/Xcode/DerivedData/Build/Products/Debug-iphoneos/DNAViewer.app/embedded.mobileprovision

ProcessProductPackagingDER /Users/richard/Library/Developer/Xcode/DerivedData/Build/Intermediates.noindex/DNAViewer.build/Debug-iphoneos/DNAViewer_iOS.build/DNAViewer.app.xcent /Users/richard/Library/Developer/Xcode/DerivedData/Build/Intermediates.noindex/DNAViewer.build/Debug-iphoneos/DNAViewer_iOS.build/DNAViewer.app.xcent.der (in target 'DNAViewer_iOS' from project 'DNAViewer')
    cd /Users/richard/source/DNAViewer
    /usr/bin/derq query -f xml -i /Users/richard/Library/Developer/Xcode/DerivedData/Build/Intermediates.noindex/DNAViewer.build/Debug-iphoneos/DNAViewer_iOS.build/DNAViewer.app.xcent -o /Users/richard/Library/Developer/Xcode/DerivedData/Build/Intermediates.noindex/DNAViewer.build/Debug-iphoneos/DNAViewer_iOS.build/DNAViewer.app.xcent.der --raw

GenerateAssetSymbols /Users/richard/source/DNAViewer/Sources/Resources/Assets.xcassets (in target 'DNAViewer_iOS' from project 'DNAViewer')
    cd /Users/richard/source/DNAViewer
    /Applications/Xcode.app/Contents/Developer/usr/bin/actool /Users/richard/source/DNAViewer/Sources/Resources/Assets.xcassets --compile /Users/richard/Library/Developer/Xcode/DerivedData/Build/Products/Debug-iphoneos/DNAViewer.app --output-format human-readable-text --notices --warnings --export-dependency-info /Users/richard/Library/Developer/Xcode/DerivedData/Build/Intermediates.noindex/DNAViewer.build/Debug-iphoneos/DNAViewer_iOS.build/assetcatalog_dependencies --output-partial-info-plist /Users/richard/Library/Developer/Xcode/DerivedData/Build/Intermediates.noindex/DNAViewer.build/Debug-iphoneos/DNAViewer_iOS.build/assetcatalog_generated_info.plist --app-icon AppIcon --include-all-app-icons --compress-pngs --enable-on-demand-resources YES --development-region en --target-device iphone --target-device ipad --minimum-deployment-target 15.0 --platform iphoneos --bundle-identifier com.avas.dnaviewer --generate-swift-asset-symbol-extensions NO --generate-swift-asset-symbols /Users/richard/Library/Developer/Xcode/DerivedData/Build/Intermediates.noindex/DNAViewer.build/Debug-iphoneos/DNAViewer_iOS.build/DerivedSources/GeneratedAssetSymbols.swift --generate-objc-asset-symbols /Users/richard/Library/Developer/Xcode/DerivedData/Build/Intermediates.noindex/DNAViewer.build/Debug-iphoneos/DNAViewer_iOS.build/DerivedSources/GeneratedAssetSymbols.h --generate-asset-symbol-index /Users/richard/Library/Developer/Xcode/DerivedData/Build/Intermediates.noindex/DNAViewer.build/Debug-iphoneos/DNAViewer_iOS.build/DerivedSources/GeneratedAssetSymbols-Index.plist
/* com.apple.actool.compilation-results */
/Users/richard/Library/Developer/Xcode/DerivedData/Build/Intermediates.noindex/DNAViewer.build/Debug-iphoneos/DNAViewer_iOS.build/DerivedSources/GeneratedAssetSymbols-Index.plist
/Users/richard/Library/Developer/Xcode/DerivedData/Build/Intermediates.noindex/DNAViewer.build/Debug-iphoneos/DNAViewer_iOS.build/DerivedSources/GeneratedAssetSymbols.h
/Users/richard/Library/Developer/Xcode/DerivedData/Build/Intermediates.noindex/DNAViewer.build/Debug-iphoneos/DNAViewer_iOS.build/DerivedSources/GeneratedAssetSymbols.swift


MkDir /Users/richard/Library/Developer/Xcode/DerivedData/Build/Intermediates.noindex/DNAViewer.build/Debug-iphoneos/DNAViewer_iOS.build/assetcatalog_output/unthinned (in target 'DNAViewer_iOS' from project 'DNAViewer')
    cd /Users/richard/source/DNAViewer
    /bin/mkdir -p /Users/richard/Library/Developer/Xcode/DerivedData/Build/Intermediates.noindex/DNAViewer.build/Debug-iphoneos/DNAViewer_iOS.build/assetcatalog_output/unthinned

MkDir /Users/richard/Library/Developer/Xcode/DerivedData/Build/Intermediates.noindex/DNAViewer.build/Debug-iphoneos/DNAViewer_iOS.build/assetcatalog_output/thinned (in target 'DNAViewer_iOS' from project 'DNAViewer')
    cd /Users/richard/source/DNAViewer
    /bin/mkdir -p /Users/richard/Library/Developer/Xcode/DerivedData/Build/Intermediates.noindex/DNAViewer.build/Debug-iphoneos/DNAViewer_iOS.build/assetcatalog_output/thinned

Ld /Users/richard/Library/Developer/Xcode/DerivedData/Build/Products/Debug-iphoneos/DNAViewer.app/__preview.dylib normal (in target 'DNAViewer_iOS' from project 'DNAViewer')
    cd /Users/richard/source/DNAViewer
    /Applications/Xcode.app/Contents/Developer/Toolchains/XcodeDefault.xctoolchain/usr/bin/clang -Xlinker -reproducible -target arm64-apple-ios15.0 -dynamiclib -isysroot /Applications/Xcode.app/Contents/Developer/Platforms/iPhoneOS.platform/Developer/SDKs/iPhoneOS18.5.sdk -O0 -L/Users/richard/Library/Developer/Xcode/DerivedData/Build/Products/Debug-iphoneos -F/Users/richard/Library/Developer/Xcode/DerivedData/Build/Products/Debug-iphoneos -install_name @rpath/DNAViewer.debug.dylib -dead_strip -rdynamic -Xlinker -no_deduplicate -Xlinker -dependency_info -Xlinker /Users/richard/Library/Developer/Xcode/DerivedData/Build/Intermediates.noindex/DNAViewer.build/Debug-iphoneos/DNAViewer_iOS.build/Objects-normal/arm64/DNAViewer_dependency_info.dat -Xlinker -no_adhoc_codesign -o /Users/richard/Library/Developer/Xcode/DerivedData/Build/Products/Debug-iphoneos/DNAViewer.app/__preview.dylib

CpResource /Users/richard/Library/Developer/Xcode/DerivedData/Build/Products/Debug-iphoneos/DNAViewer.app/RestrictionSites.json /Users/richard/source/DNAViewer/Sources/Data/RestrictionSites.json (in target 'DNAViewer_iOS' from project 'DNAViewer')
    cd /Users/richard/source/DNAViewer
    builtin-copy -exclude .DS_Store -exclude CVS -exclude .svn -exclude .git -exclude .hg -resolve-src-symlinks /Users/richard/source/DNAViewer/Sources/Data/RestrictionSites.json /Users/richard/Library/Developer/Xcode/DerivedData/Build/Products/Debug-iphoneos/DNAViewer.app

CpResource /Users/richard/Library/Developer/Xcode/DerivedData/Build/Products/Debug-iphoneos/DNAViewer.app/RestrictionEnzymes.json /Users/richard/source/DNAViewer/Sources/Data/RestrictionEnzymes.json (in target 'DNAViewer_iOS' from project 'DNAViewer')
    cd /Users/richard/source/DNAViewer
    builtin-copy -exclude .DS_Store -exclude CVS -exclude .svn -exclude .git -exclude .hg -resolve-src-symlinks /Users/richard/source/DNAViewer/Sources/Data/RestrictionEnzymes.json /Users/richard/Library/Developer/Xcode/DerivedData/Build/Products/Debug-iphoneos/DNAViewer.app

CpResource /Users/richard/Library/Developer/Xcode/DerivedData/Build/Products/Debug-iphoneos/DNAViewer.app/QuizData.json /Users/richard/source/DNAViewer/Sources/Data/QuizData.json (in target 'DNAViewer_iOS' from project 'DNAViewer')
    cd /Users/richard/source/DNAViewer
    builtin-copy -exclude .DS_Store -exclude CVS -exclude .svn -exclude .git -exclude .hg -resolve-src-symlinks /Users/richard/source/DNAViewer/Sources/Data/QuizData.json /Users/richard/Library/Developer/Xcode/DerivedData/Build/Products/Debug-iphoneos/DNAViewer.app

CpResource /Users/richard/Library/Developer/Xcode/DerivedData/Build/Products/Debug-iphoneos/DNAViewer.app/SampleGenes.json /Users/richard/source/DNAViewer/Sources/Data/SampleGenes.json (in target 'DNAViewer_iOS' from project 'DNAViewer')
    cd /Users/richard/source/DNAViewer
    builtin-copy -exclude .DS_Store -exclude CVS -exclude .svn -exclude .git -exclude .hg -resolve-src-symlinks /Users/richard/source/DNAViewer/Sources/Data/SampleGenes.json /Users/richard/Library/Developer/Xcode/DerivedData/Build/Products/Debug-iphoneos/DNAViewer.app

CopyStringsFile /Users/richard/Library/Developer/Xcode/DerivedData/Build/Products/Debug-iphoneos/DNAViewer.app/ko.lproj/Localizable.strings /Users/richard/source/DNAViewer/Sources/Resources/ko.lproj/Localizable.strings (in target 'DNAViewer_iOS' from project 'DNAViewer')
    cd /Users/richard/source/DNAViewer
    builtin-copyStrings --validate --outputencoding binary --outfilename Localizable.strings --outdir /Users/richard/Library/Developer/Xcode/DerivedData/Build/Products/Debug-iphoneos/DNAViewer.app/ko.lproj -- /Users/richard/source/DNAViewer/Sources/Resources/ko.lproj/Localizable.strings
/Users/richard/source/DNAViewer/Sources/Resources/ko.lproj/Localizable.strings:1:1: note: detected encoding of input file as Unicode (UTF-8) (in target 'DNAViewer_iOS' from project 'DNAViewer')

CopyStringsFile /Users/richard/Library/Developer/Xcode/DerivedData/Build/Products/Debug-iphoneos/DNAViewer.app/ja.lproj/Localizable.strings /Users/richard/source/DNAViewer/Sources/Resources/ja.lproj/Localizable.strings (in target 'DNAViewer_iOS' from project 'DNAViewer')
    cd /Users/richard/source/DNAViewer
    builtin-copyStrings --validate --outputencoding binary --outfilename Localizable.strings --outdir /Users/richard/Library/Developer/Xcode/DerivedData/Build/Products/Debug-iphoneos/DNAViewer.app/ja.lproj -- /Users/richard/source/DNAViewer/Sources/Resources/ja.lproj/Localizable.strings
/Users/richard/source/DNAViewer/Sources/Resources/ja.lproj/Localizable.strings:1:1: note: detected encoding of input file as Unicode (UTF-8) (in target 'DNAViewer_iOS' from project 'DNAViewer')

CopyStringsFile /Users/richard/Library/Developer/Xcode/DerivedData/Build/Products/Debug-iphoneos/DNAViewer.app/en.lproj/Localizable.strings /Users/richard/source/DNAViewer/Sources/Resources/en.lproj/Localizable.strings (in target 'DNAViewer_iOS' from project 'DNAViewer')
    cd /Users/richard/source/DNAViewer
    builtin-copyStrings --validate --outputencoding binary --outfilename Localizable.strings --outdir /Users/richard/Library/Developer/Xcode/DerivedData/Build/Products/Debug-iphoneos/DNAViewer.app/en.lproj -- /Users/richard/source/DNAViewer/Sources/Resources/en.lproj/Localizable.strings
/Users/richard/source/DNAViewer/Sources/Resources/en.lproj/Localizable.strings:1:1: note: detected encoding of input file as Unicode (UTF-8) (in target 'DNAViewer_iOS' from project 'DNAViewer')

CopyStringsFile /Users/richard/Library/Developer/Xcode/DerivedData/Build/Products/Debug-iphoneos/DNAViewer.app/de.lproj/Localizable.strings /Users/richard/source/DNAViewer/Sources/Resources/de.lproj/Localizable.strings (in target 'DNAViewer_iOS' from project 'DNAViewer')
    cd /Users/richard/source/DNAViewer
    builtin-copyStrings --validate --outputencoding binary --outfilename Localizable.strings --outdir /Users/richard/Library/Developer/Xcode/DerivedData/Build/Products/Debug-iphoneos/DNAViewer.app/de.lproj -- /Users/richard/source/DNAViewer/Sources/Resources/de.lproj/Localizable.strings
/Users/richard/source/DNAViewer/Sources/Resources/de.lproj/Localizable.strings:1:1: note: detected encoding of input file as Unicode (UTF-8) (in target 'DNAViewer_iOS' from project 'DNAViewer')

CompileAssetCatalogVariant thinned /Users/richard/Library/Developer/Xcode/DerivedData/Build/Products/Debug-iphoneos/DNAViewer.app /Users/richard/source/DNAViewer/Sources/Resources/Assets.xcassets (in target 'DNAViewer_iOS' from project 'DNAViewer')
    cd /Users/richard/source/DNAViewer
    /Applications/Xcode.app/Contents/Developer/usr/bin/actool /Users/richard/source/DNAViewer/Sources/Resources/Assets.xcassets --compile /Users/richard/Library/Developer/Xcode/DerivedData/Build/Intermediates.noindex/DNAViewer.build/Debug-iphoneos/DNAViewer_iOS.build/assetcatalog_output/thinned --output-format human-readable-text --notices --warnings --export-dependency-info /Users/richard/Library/Developer/Xcode/DerivedData/Build/Intermediates.noindex/DNAViewer.build/Debug-iphoneos/DNAViewer_iOS.build/assetcatalog_dependencies_thinned --output-partial-info-plist /Users/richard/Library/Developer/Xcode/DerivedData/Build/Intermediates.noindex/DNAViewer.build/Debug-iphoneos/DNAViewer_iOS.build/assetcatalog_generated_info.plist_thinned --app-icon AppIcon --include-all-app-icons --compress-pngs --enable-on-demand-resources YES --filter-for-thinning-device-configuration iPhone13,1 --filter-for-device-os-version 18.6.2 --development-region en --target-device iphone --target-device ipad --minimum-deployment-target 15.0 --platform iphoneos
/* com.apple.actool.document.notices */
/Users/richard/source/DNAViewer/Sources/Resources/Assets.xcassets:./AppIcon.appiconset/[][ipad][76x76][][][1x][][][][]: notice: 76x76@1x app icons only apply to iPad apps targeting releases of iOS prior to 10.0.
/* com.apple.actool.compilation-results */
/Users/richard/Library/Developer/Xcode/DerivedData/Build/Intermediates.noindex/DNAViewer.build/Debug-iphoneos/DNAViewer_iOS.build/assetcatalog_generated_info.plist_thinned
/Users/richard/Library/Developer/Xcode/DerivedData/Build/Intermediates.noindex/DNAViewer.build/Debug-iphoneos/DNAViewer_iOS.build/assetcatalog_output/thinned/AppIcon60x60@2x.png
/Users/richard/Library/Developer/Xcode/DerivedData/Build/Intermediates.noindex/DNAViewer.build/Debug-iphoneos/DNAViewer_iOS.build/assetcatalog_output/thinned/AppIcon76x76@2x~ipad.png
/Users/richard/Library/Developer/Xcode/DerivedData/Build/Intermediates.noindex/DNAViewer.build/Debug-iphoneos/DNAViewer_iOS.build/assetcatalog_output/thinned/Assets.car


SwiftDriver DNAViewer_iOS normal arm64 com.apple.xcode.tools.swift.compiler (in target 'DNAViewer_iOS' from project 'DNAViewer')
    cd /Users/richard/source/DNAViewer
    builtin-SwiftDriver -- /Applications/Xcode.app/Contents/Developer/Toolchains/XcodeDefault.xctoolchain/usr/bin/swiftc -module-name DNAViewer -Onone -enforce-exclusivity\=checked @/Users/richard/Library/Developer/Xcode/DerivedData/Build/Intermediates.noindex/DNAViewer.build/Debug-iphoneos/DNAViewer_iOS.build/Objects-normal/arm64/DNAViewer.SwiftFileList -DDEBUG -enable-bare-slash-regex -enable-experimental-feature DebugDescriptionMacro -sdk /Applications/Xcode.app/Contents/Developer/Platforms/iPhoneOS.platform/Developer/SDKs/iPhoneOS18.5.sdk -target arm64-apple-ios15.0 -g -module-cache-path /Users/richard/Library/Developer/Xcode/DerivedData/ModuleCache.noindex -Xfrontend -serialize-debugging-options -enable-testing -index-store-path /Users/richard/Library/Developer/Xcode/DerivedData/DNAViewer-ajrmudwzoxasksbgxryobsgprbdz/Index.noindex/DataStore -swift-version 5 -I /Users/richard/Library/Developer/Xcode/DerivedData/Build/Products/Debug-iphoneos -F /Users/richard/Library/Developer/Xcode/DerivedData/Build/Products/Debug-iphoneos -c -j8 -enable-batch-mode -incremental -Xcc -ivfsstatcache -Xcc /Users/richard/Library/Developer/Xcode/DerivedData/SDKStatCaches.noindex/iphoneos18.5-22F76-7fa4eea80a99bbfdc046826b63ec4baf.sdkstatcache -output-file-map /Users/richard/Library/Developer/Xcode/DerivedData/Build/Intermediates.noindex/DNAViewer.build/Debug-iphoneos/DNAViewer_iOS.build/Objects-normal/arm64/DNAViewer_iOS-OutputFileMap.json -use-frontend-parseable-output -save-temps -no-color-diagnostics -serialize-diagnostics -emit-dependencies -emit-module -emit-module-path /Users/richard/Library/Developer/Xcode/DerivedData/Build/Intermediates.noindex/DNAViewer.build/Debug-iphoneos/DNAViewer_iOS.build/Objects-normal/arm64/DNAViewer.swiftmodule -validate-clang-modules-once -clang-build-session-file /Users/richard/Library/Developer/Xcode/DerivedData/ModuleCache.noindex/Session.modulevalidation -Xcc -I/Users/richard/Library/Developer/Xcode/DerivedData/Build/Intermediates.noindex/DNAViewer.build/Debug-iphoneos/DNAViewer_iOS.build/swift-overrides.hmap -emit-const-values -Xfrontend -const-gather-protocols-file -Xfrontend /Users/richard/Library/Developer/Xcode/DerivedData/Build/Intermediates.noindex/DNAViewer.build/Debug-iphoneos/DNAViewer_iOS.build/Objects-normal/arm64/DNAViewer_iOS_const_extract_protocols.json -Xcc -iquote -Xcc /Users/richard/Library/Developer/Xcode/DerivedData/Build/Intermediates.noindex/DNAViewer.build/Debug-iphoneos/DNAViewer_iOS.build/DNAViewer-generated-files.hmap -Xcc -I/Users/richard/Library/Developer/Xcode/DerivedData/Build/Intermediates.noindex/DNAViewer.build/Debug-iphoneos/DNAViewer_iOS.build/DNAViewer-own-target-headers.hmap -Xcc -I/Users/richard/Library/Developer/Xcode/DerivedData/Build/Intermediates.noindex/DNAViewer.build/Debug-iphoneos/DNAViewer_iOS.build/DNAViewer-all-target-headers.hmap -Xcc -iquote -Xcc /Users/richard/Library/Developer/Xcode/DerivedData/Build/Intermediates.noindex/DNAViewer.build/Debug-iphoneos/DNAViewer_iOS.build/DNAViewer-project-headers.hmap -Xcc -I/Users/richard/Library/Developer/Xcode/DerivedData/Build/Products/Debug-iphoneos/include -Xcc -I/Users/richard/Library/Developer/Xcode/DerivedData/Build/Intermediates.noindex/DNAViewer.build/Debug-iphoneos/DNAViewer_iOS.build/DerivedSources-normal/arm64 -Xcc -I/Users/richard/Library/Developer/Xcode/DerivedData/Build/Intermediates.noindex/DNAViewer.build/Debug-iphoneos/DNAViewer_iOS.build/DerivedSources/arm64 -Xcc -I/Users/richard/Library/Developer/Xcode/DerivedData/Build/Intermediates.noindex/DNAViewer.build/Debug-iphoneos/DNAViewer_iOS.build/DerivedSources -Xcc -DDEBUG\=1 -emit-objc-header -emit-objc-header-path /Users/richard/Library/Developer/Xcode/DerivedData/Build/Intermediates.noindex/DNAViewer.build/Debug-iphoneos/DNAViewer_iOS.build/Objects-normal/arm64/DNAViewer-Swift.h -working-directory /Users/richard/source/DNAViewer -experimental-emit-module-separately -disable-cmo

SwiftCompile normal arm64 Compiling\ SequenceDetailView.swift,\ ContentView.swift,\ ControlBar.swift,\ DNAApp.swift,\ DNASceneManager.swift,\ DNASequence.swift,\ BasePair.swift /Users/richard/source/DNAViewer/Sources/Views/SequenceDetailView.swift /Users/richard/source/DNAViewer/Sources/App/ContentView.swift /Users/richard/source/DNAViewer/Sources/Views/ControlBar.swift /Users/richard/source/DNAViewer/Sources/App/DNAApp.swift /Users/richard/source/DNAViewer/Sources/Scene/DNASceneManager.swift /Users/richard/source/DNAViewer/Sources/Models/DNASequence.swift /Users/richard/source/DNAViewer/Sources/Models/BasePair.swift (in target 'DNAViewer_iOS' from project 'DNAViewer')

SwiftCompile normal arm64 /Users/richard/source/DNAViewer/Sources/Views/SequenceDetailView.swift (in target 'DNAViewer_iOS' from project 'DNAViewer')
    cd /Users/richard/source/DNAViewer
    

SwiftCompile normal arm64 /Users/richard/source/DNAViewer/Sources/App/ContentView.swift (in target 'DNAViewer_iOS' from project 'DNAViewer')
    cd /Users/richard/source/DNAViewer
    

SwiftCompile normal arm64 /Users/richard/source/DNAViewer/Sources/Views/ControlBar.swift (in target 'DNAViewer_iOS' from project 'DNAViewer')
    cd /Users/richard/source/DNAViewer
    

SwiftCompile normal arm64 /Users/richard/source/DNAViewer/Sources/App/DNAApp.swift (in target 'DNAViewer_iOS' from project 'DNAViewer')
    cd /Users/richard/source/DNAViewer
    

SwiftCompile normal arm64 /Users/richard/source/DNAViewer/Sources/Scene/DNASceneManager.swift (in target 'DNAViewer_iOS' from project 'DNAViewer')
    cd /Users/richard/source/DNAViewer
    

SwiftCompile normal arm64 /Users/richard/source/DNAViewer/Sources/Models/DNASequence.swift (in target 'DNAViewer_iOS' from project 'DNAViewer')
    cd /Users/richard/source/DNAViewer
    

SwiftCompile normal arm64 /Users/richard/source/DNAViewer/Sources/Models/BasePair.swift (in target 'DNAViewer_iOS' from project 'DNAViewer')
    cd /Users/richard/source/DNAViewer
    

SwiftEmitModule normal arm64 Emitting\ module\ for\ DNAViewer (in target 'DNAViewer_iOS' from project 'DNAViewer')

EmitSwiftModule normal arm64 (in target 'DNAViewer_iOS' from project 'DNAViewer')
    cd /Users/richard/source/DNAViewer
    

SwiftCompile normal arm64 Compiling\ SequenceAnalyzer.swift,\ TransformationAnimationView.swift,\ VerificationGuideView.swift,\ SequenceBar.swift,\ SettingsView.swift,\ GeneViewModel.swift,\ SidebarMenu.swift /Users/richard/source/DNAViewer/Sources/Utils/SequenceAnalyzer.swift /Users/richard/source/DNAViewer/Sources/Views/TransformationAnimationView.swift /Users/richard/source/DNAViewer/Sources/Views/VerificationGuideView.swift /Users/richard/source/DNAViewer/Sources/Views/SequenceBar.swift /Users/richard/source/DNAViewer/Sources/Views/SettingsView.swift /Users/richard/source/DNAViewer/Sources/ViewModels/GeneViewModel.swift /Users/richard/source/DNAViewer/Sources/Views/SidebarMenu.swift (in target 'DNAViewer_iOS' from project 'DNAViewer')

SwiftCompile normal arm64 /Users/richard/source/DNAViewer/Sources/Utils/SequenceAnalyzer.swift (in target 'DNAViewer_iOS' from project 'DNAViewer')
    cd /Users/richard/source/DNAViewer
    

SwiftCompile normal arm64 /Users/richard/source/DNAViewer/Sources/Views/TransformationAnimationView.swift (in target 'DNAViewer_iOS' from project 'DNAViewer')
    cd /Users/richard/source/DNAViewer
    

SwiftCompile normal arm64 /Users/richard/source/DNAViewer/Sources/Views/VerificationGuideView.swift (in target 'DNAViewer_iOS' from project 'DNAViewer')
    cd /Users/richard/source/DNAViewer
    

SwiftCompile normal arm64 /Users/richard/source/DNAViewer/Sources/Views/SequenceBar.swift (in target 'DNAViewer_iOS' from project 'DNAViewer')
    cd /Users/richard/source/DNAViewer
    

SwiftCompile normal arm64 /Users/richard/source/DNAViewer/Sources/Views/SettingsView.swift (in target 'DNAViewer_iOS' from project 'DNAViewer')
    cd /Users/richard/source/DNAViewer
    

SwiftCompile normal arm64 /Users/richard/source/DNAViewer/Sources/ViewModels/GeneViewModel.swift (in target 'DNAViewer_iOS' from project 'DNAViewer')
    cd /Users/richard/source/DNAViewer
    

SwiftCompile normal arm64 /Users/richard/source/DNAViewer/Sources/Views/SidebarMenu.swift (in target 'DNAViewer_iOS' from project 'DNAViewer')
    cd /Users/richard/source/DNAViewer
    

SwiftCompile normal arm64 Compiling\ LadderBuilder.swift,\ LibraryView.swift,\ Mutation.swift,\ ChromosomeIdeogramView.swift,\ GeneImporter.swift,\ MutationSheet.swift,\ DNAFragment.swift /Users/richard/source/DNAViewer/Sources/Scene/LadderBuilder.swift /Users/richard/source/DNAViewer/Sources/Views/LibraryView.swift /Users/richard/source/DNAViewer/Sources/Models/Mutation.swift /Users/richard/source/DNAViewer/Sources/Views/ChromosomeIdeogramView.swift /Users/richard/source/DNAViewer/Sources/Services/GeneImporter.swift /Users/richard/source/DNAViewer/Sources/Views/MutationSheet.swift /Users/richard/source/DNAViewer/Sources/Models/DNAFragment.swift (in target 'DNAViewer_iOS' from project 'DNAViewer')

SwiftCompile normal arm64 /Users/richard/source/DNAViewer/Sources/Scene/LadderBuilder.swift (in target 'DNAViewer_iOS' from project 'DNAViewer')
    cd /Users/richard/source/DNAViewer
    

SwiftCompile normal arm64 /Users/richard/source/DNAViewer/Sources/Views/LibraryView.swift (in target 'DNAViewer_iOS' from project 'DNAViewer')
    cd /Users/richard/source/DNAViewer
    

SwiftCompile normal arm64 /Users/richard/source/DNAViewer/Sources/Models/Mutation.swift (in target 'DNAViewer_iOS' from project 'DNAViewer')
    cd /Users/richard/source/DNAViewer
    

SwiftCompile normal arm64 /Users/richard/source/DNAViewer/Sources/Views/ChromosomeIdeogramView.swift (in target 'DNAViewer_iOS' from project 'DNAViewer')
    cd /Users/richard/source/DNAViewer
    

SwiftCompile normal arm64 /Users/richard/source/DNAViewer/Sources/Services/GeneImporter.swift (in target 'DNAViewer_iOS' from project 'DNAViewer')
    cd /Users/richard/source/DNAViewer
    

SwiftCompile normal arm64 /Users/richard/source/DNAViewer/Sources/Views/MutationSheet.swift (in target 'DNAViewer_iOS' from project 'DNAViewer')
    cd /Users/richard/source/DNAViewer
    

SwiftCompile normal arm64 /Users/richard/source/DNAViewer/Sources/Models/DNAFragment.swift (in target 'DNAViewer_iOS' from project 'DNAViewer')
    cd /Users/richard/source/DNAViewer
    

SwiftCompile normal arm64 Compiling\ DNASequence+Pairs.swift,\ ColorPalette.swift,\ GroupType.swift,\ DNALadderView.swift,\ GenomeMapView.swift,\ DNAViewModel.swift,\ FASTAParser.swift /Users/richard/source/DNAViewer/Sources/Models/DNASequence+Pairs.swift /Users/richard/source/DNAViewer/Sources/Utils/ColorPalette.swift /Users/richard/source/DNAViewer/Sources/Models/GroupType.swift /Users/richard/source/DNAViewer/Sources/Views/Ladder/DNALadderView.swift /Users/richard/source/DNAViewer/Sources/Views/GenomeMap/GenomeMapView.swift /Users/richard/source/DNAViewer/Sources/App/DNAViewModel.swift /Users/richard/source/DNAViewer/Sources/Services/FASTAParser.swift (in target 'DNAViewer_iOS' from project 'DNAViewer')

SwiftCompile normal arm64 /Users/richard/source/DNAViewer/Sources/Models/DNASequence+Pairs.swift (in target 'DNAViewer_iOS' from project 'DNAViewer')
    cd /Users/richard/source/DNAViewer
    

SwiftCompile normal arm64 /Users/richard/source/DNAViewer/Sources/Utils/ColorPalette.swift (in target 'DNAViewer_iOS' from project 'DNAViewer')
    cd /Users/richard/source/DNAViewer
    

SwiftCompile normal arm64 /Users/richard/source/DNAViewer/Sources/Models/GroupType.swift (in target 'DNAViewer_iOS' from project 'DNAViewer')
    cd /Users/richard/source/DNAViewer
    

SwiftCompile normal arm64 /Users/richard/source/DNAViewer/Sources/Views/Ladder/DNALadderView.swift (in target 'DNAViewer_iOS' from project 'DNAViewer')
    cd /Users/richard/source/DNAViewer
    

SwiftCompile normal arm64 /Users/richard/source/DNAViewer/Sources/Views/GenomeMap/GenomeMapView.swift (in target 'DNAViewer_iOS' from project 'DNAViewer')
    cd /Users/richard/source/DNAViewer
    

SwiftCompile normal arm64 /Users/richard/source/DNAViewer/Sources/App/DNAViewModel.swift (in target 'DNAViewer_iOS' from project 'DNAViewer')
    cd /Users/richard/source/DNAViewer
    

SwiftCompile normal arm64 /Users/richard/source/DNAViewer/Sources/Services/FASTAParser.swift (in target 'DNAViewer_iOS' from project 'DNAViewer')
    cd /Users/richard/source/DNAViewer
    

SwiftCompile normal arm64 Compiling\ RestrictionMap.swift,\ MutationSimulator.swift,\ NCBIService.swift,\ PDBService.swift,\ SequenceProcessor.swift,\ RestrictionEnzymes.swift,\ SearchSheet.swift /Users/richard/source/DNAViewer/Sources/Models/RestrictionMap.swift /Users/richard/source/DNAViewer/Sources/Utils/MutationSimulator.swift /Users/richard/source/DNAViewer/Sources/Services/NCBIService.swift /Users/richard/source/DNAViewer/Sources/Services/PDBService.swift /Users/richard/source/DNAViewer/Sources/Services/SequenceProcessor.swift /Users/richard/source/DNAViewer/Sources/Utils/RestrictionEnzymes.swift /Users/richard/source/DNAViewer/Sources/Views/SearchSheet.swift (in target 'DNAViewer_iOS' from project 'DNAViewer')

SwiftCompile normal arm64 /Users/richard/source/DNAViewer/Sources/Models/RestrictionMap.swift (in target 'DNAViewer_iOS' from project 'DNAViewer')
    cd /Users/richard/source/DNAViewer
    

SwiftCompile normal arm64 /Users/richard/source/DNAViewer/Sources/Utils/MutationSimulator.swift (in target 'DNAViewer_iOS' from project 'DNAViewer')
    cd /Users/richard/source/DNAViewer
    

SwiftCompile normal arm64 /Users/richard/source/DNAViewer/Sources/Services/NCBIService.swift (in target 'DNAViewer_iOS' from project 'DNAViewer')
    cd /Users/richard/source/DNAViewer
    

SwiftCompile normal arm64 /Users/richard/source/DNAViewer/Sources/Services/PDBService.swift (in target 'DNAViewer_iOS' from project 'DNAViewer')
    cd /Users/richard/source/DNAViewer
    

SwiftCompile normal arm64 /Users/richard/source/DNAViewer/Sources/Services/SequenceProcessor.swift (in target 'DNAViewer_iOS' from project 'DNAViewer')
    cd /Users/richard/source/DNAViewer
    

SwiftCompile normal arm64 /Users/richard/source/DNAViewer/Sources/Utils/RestrictionEnzymes.swift (in target 'DNAViewer_iOS' from project 'DNAViewer')
    cd /Users/richard/source/DNAViewer
    

SwiftCompile normal arm64 /Users/richard/source/DNAViewer/Sources/Views/SearchSheet.swift (in target 'DNAViewer_iOS' from project 'DNAViewer')
    cd /Users/richard/source/DNAViewer
    

SwiftCompile normal arm64 Compiling\ AnalysisSheet.swift,\ EnsemblAPIService.swift,\ BallStickBuilder.swift,\ CacheManager.swift,\ GeneModel.swift,\ LanguageHelper.swift,\ Codon.swift,\ ColorSettings.swift /Users/richard/source/DNAViewer/Sources/Views/AnalysisSheet.swift /Users/richard/source/DNAViewer/Sources/Services/EnsemblAPIService.swift /Users/richard/source/DNAViewer/Sources/Scene/BallStickBuilder.swift /Users/richard/source/DNAViewer/Sources/Services/CacheManager.swift /Users/richard/source/DNAViewer/Sources/Models/GeneModel.swift /Users/richard/source/DNAViewer/Sources/Utils/LanguageHelper.swift /Users/richard/source/DNAViewer/Sources/Models/Codon.swift /Users/richard/source/DNAViewer/Sources/Models/ColorSettings.swift (in target 'DNAViewer_iOS' from project 'DNAViewer')
SwiftCompile normal arm64 /Users/richard/source/DNAViewer/Sources/Views/AnalysisSheet.swift (in target 'DNAViewer_iOS' from project 'DNAViewer')
    cd /Users/richard/source/DNAViewer
    

SwiftCompile normal arm64 /Users/richard/source/DNAViewer/Sources/Services/EnsemblAPIService.swift (in target 'DNAViewer_iOS' from project 'DNAViewer')
    cd /Users/richard/source/DNAViewer
    

SwiftCompile normal arm64 /Users/richard/source/DNAViewer/Sources/Scene/BallStickBuilder.swift (in target 'DNAViewer_iOS' from project 'DNAViewer')
    cd /Users/richard/source/DNAViewer
    

SwiftCompile normal arm64 /Users/richard/source/DNAViewer/Sources/Services/CacheManager.swift (in target 'DNAViewer_iOS' from project 'DNAViewer')
    cd /Users/richard/source/DNAViewer
    

SwiftCompile normal arm64 /Users/richard/source/DNAViewer/Sources/Models/GeneModel.swift (in target 'DNAViewer_iOS' from project 'DNAViewer')
    cd /Users/richard/source/DNAViewer
    

SwiftCompile normal arm64 /Users/richard/source/DNAViewer/Sources/Utils/LanguageHelper.swift (in target 'DNAViewer_iOS' from project 'DNAViewer')
    cd /Users/richard/source/DNAViewer
    

SwiftCompile normal arm64 /Users/richard/source/DNAViewer/Sources/Models/Codon.swift (in target 'DNAViewer_iOS' from project 'DNAViewer')
    cd /Users/richard/source/DNAViewer
    

SwiftCompile normal arm64 /Users/richard/source/DNAViewer/Sources/Models/ColorSettings.swift (in target 'DNAViewer_iOS' from project 'DNAViewer')
    cd /Users/richard/source/DNAViewer
    

SwiftCompile normal arm64 Compiling\ GeneFeature.swift,\ CloningVisualizationView.swift,\ GelElectrophoresisView.swift,\ HelixBuilder.swift,\ HomeView.swift,\ SequenceBoxView.swift,\ InfoSheet.swift /Users/richard/source/DNAViewer/Sources/Models/GeneFeature.swift /Users/richard/source/DNAViewer/Sources/Views/CloningVisualizationView.swift /Users/richard/source/DNAViewer/Sources/Views/GelElectrophoresisView.swift /Users/richard/source/DNAViewer/Sources/Scene/HelixBuilder.swift /Users/richard/source/DNAViewer/Sources/Views/HomeView.swift /Users/richard/source/DNAViewer/Sources/Views/SequenceBoxView.swift /Users/richard/source/DNAViewer/Sources/Views/InfoSheet.swift (in target 'DNAViewer_iOS' from project 'DNAViewer')

SwiftCompile normal arm64 /Users/richard/source/DNAViewer/Sources/Models/GeneFeature.swift (in target 'DNAViewer_iOS' from project 'DNAViewer')
    cd /Users/richard/source/DNAViewer
    

SwiftCompile normal arm64 /Users/richard/source/DNAViewer/Sources/Views/CloningVisualizationView.swift (in target 'DNAViewer_iOS' from project 'DNAViewer')
    cd /Users/richard/source/DNAViewer
    

SwiftCompile normal arm64 /Users/richard/source/DNAViewer/Sources/Views/GelElectrophoresisView.swift (in target 'DNAViewer_iOS' from project 'DNAViewer')
    cd /Users/richard/source/DNAViewer
    

SwiftCompile normal arm64 /Users/richard/source/DNAViewer/Sources/Scene/HelixBuilder.swift (in target 'DNAViewer_iOS' from project 'DNAViewer')
    cd /Users/richard/source/DNAViewer
    

SwiftCompile normal arm64 /Users/richard/source/DNAViewer/Sources/Views/HomeView.swift (in target 'DNAViewer_iOS' from project 'DNAViewer')
    cd /Users/richard/source/DNAViewer
    

SwiftCompile normal arm64 /Users/richard/source/DNAViewer/Sources/Views/SequenceBoxView.swift (in target 'DNAViewer_iOS' from project 'DNAViewer')
    cd /Users/richard/source/DNAViewer
    

SwiftCompile normal arm64 /Users/richard/source/DNAViewer/Sources/Views/InfoSheet.swift (in target 'DNAViewer_iOS' from project 'DNAViewer')
    cd /Users/richard/source/DNAViewer
    

SwiftDriverJobDiscovery normal arm64 Emitting module for DNAViewer (in target 'DNAViewer_iOS' from project 'DNAViewer')

SwiftDriver\ Compilation\ Requirements DNAViewer_iOS normal arm64 com.apple.xcode.tools.swift.compiler (in target 'DNAViewer_iOS' from project 'DNAViewer')
    cd /Users/richard/source/DNAViewer
    builtin-Swift-Compilation-Requirements -- /Applications/Xcode.app/Contents/Developer/Toolchains/XcodeDefault.xctoolchain/usr/bin/swiftc -module-name DNAViewer -Onone -enforce-exclusivity\=checked @/Users/richard/Library/Developer/Xcode/DerivedData/Build/Intermediates.noindex/DNAViewer.build/Debug-iphoneos/DNAViewer_iOS.build/Objects-normal/arm64/DNAViewer.SwiftFileList -DDEBUG -enable-bare-slash-regex -enable-experimental-feature DebugDescriptionMacro -sdk /Applications/Xcode.app/Contents/Developer/Platforms/iPhoneOS.platform/Developer/SDKs/iPhoneOS18.5.sdk -target arm64-apple-ios15.0 -g -module-cache-path /Users/richard/Library/Developer/Xcode/DerivedData/ModuleCache.noindex -Xfrontend -serialize-debugging-options -enable-testing -index-store-path /Users/richard/Library/Developer/Xcode/DerivedData/DNAViewer-ajrmudwzoxasksbgxryobsgprbdz/Index.noindex/DataStore -swift-version 5 -I /Users/richard/Library/Developer/Xcode/DerivedData/Build/Products/Debug-iphoneos -F /Users/richard/Library/Developer/Xcode/DerivedData/Build/Products/Debug-iphoneos -c -j8 -enable-batch-mode -incremental -Xcc -ivfsstatcache -Xcc /Users/richard/Library/Developer/Xcode/DerivedData/SDKStatCaches.noindex/iphoneos18.5-22F76-7fa4eea80a99bbfdc046826b63ec4baf.sdkstatcache -output-file-map /Users/richard/Library/Developer/Xcode/DerivedData/Build/Intermediates.noindex/DNAViewer.build/Debug-iphoneos/DNAViewer_iOS.build/Objects-normal/arm64/DNAViewer_iOS-OutputFileMap.json -use-frontend-parseable-output -save-temps -no-color-diagnostics -serialize-diagnostics -emit-dependencies -emit-module -emit-module-path /Users/richard/Library/Developer/Xcode/DerivedData/Build/Intermediates.noindex/DNAViewer.build/Debug-iphoneos/DNAViewer_iOS.build/Objects-normal/arm64/DNAViewer.swiftmodule -validate-clang-modules-once -clang-build-session-file /Users/richard/Library/Developer/Xcode/DerivedData/ModuleCache.noindex/Session.modulevalidation -Xcc -I/Users/richard/Library/Developer/Xcode/DerivedData/Build/Intermediates.noindex/DNAViewer.build/Debug-iphoneos/DNAViewer_iOS.build/swift-overrides.hmap -emit-const-values -Xfrontend -const-gather-protocols-file -Xfrontend /Users/richard/Library/Developer/Xcode/DerivedData/Build/Intermediates.noindex/DNAViewer.build/Debug-iphoneos/DNAViewer_iOS.build/Objects-normal/arm64/DNAViewer_iOS_const_extract_protocols.json -Xcc -iquote -Xcc /Users/richard/Library/Developer/Xcode/DerivedData/Build/Intermediates.noindex/DNAViewer.build/Debug-iphoneos/DNAViewer_iOS.build/DNAViewer-generated-files.hmap -Xcc -I/Users/richard/Library/Developer/Xcode/DerivedData/Build/Intermediates.noindex/DNAViewer.build/Debug-iphoneos/DNAViewer_iOS.build/DNAViewer-own-target-headers.hmap -Xcc -I/Users/richard/Library/Developer/Xcode/DerivedData/Build/Intermediates.noindex/DNAViewer.build/Debug-iphoneos/DNAViewer_iOS.build/DNAViewer-all-target-headers.hmap -Xcc -iquote -Xcc /Users/richard/Library/Developer/Xcode/DerivedData/Build/Intermediates.noindex/DNAViewer.build/Debug-iphoneos/DNAViewer_iOS.build/DNAViewer-project-headers.hmap -Xcc -I/Users/richard/Library/Developer/Xcode/DerivedData/Build/Products/Debug-iphoneos/include -Xcc -I/Users/richard/Library/Developer/Xcode/DerivedData/Build/Intermediates.noindex/DNAViewer.build/Debug-iphoneos/DNAViewer_iOS.build/DerivedSources-normal/arm64 -Xcc -I/Users/richard/Library/Developer/Xcode/DerivedData/Build/Intermediates.noindex/DNAViewer.build/Debug-iphoneos/DNAViewer_iOS.build/DerivedSources/arm64 -Xcc -I/Users/richard/Library/Developer/Xcode/DerivedData/Build/Intermediates.noindex/DNAViewer.build/Debug-iphoneos/DNAViewer_iOS.build/DerivedSources -Xcc -DDEBUG\=1 -emit-objc-header -emit-objc-header-path /Users/richard/Library/Developer/Xcode/DerivedData/Build/Intermediates.noindex/DNAViewer.build/Debug-iphoneos/DNAViewer_iOS.build/Objects-normal/arm64/DNAViewer-Swift.h -working-directory /Users/richard/source/DNAViewer -experimental-emit-module-separately -disable-cmo

SwiftDriverJobDiscovery normal arm64 Compiling RestrictionMap.swift, MutationSimulator.swift, NCBIService.swift, PDBService.swift, SequenceProcessor.swift, RestrictionEnzymes.swift, SearchSheet.swift (in target 'DNAViewer_iOS' from project 'DNAViewer')

SwiftCompile normal arm64 Compiling\ TranscriptModel.swift,\ TranslationSheet.swift,\ VirtualCloningView.swift,\ GeneStructureView.swift,\ RestrictionEnzymeView.swift,\ ViewerView.swift,\ GeneratedAssetSymbols.swift /Users/richard/source/DNAViewer/Sources/Models/TranscriptModel.swift /Users/richard/source/DNAViewer/Sources/Views/TranslationSheet.swift /Users/richard/source/DNAViewer/Sources/Views/VirtualCloningView.swift /Users/richard/source/DNAViewer/Sources/Views/GeneStructureView.swift /Users/richard/source/DNAViewer/Sources/Views/RestrictionEnzymeView.swift /Users/richard/source/DNAViewer/Sources/Views/ViewerView.swift /Users/richard/Library/Developer/Xcode/DerivedData/Build/Intermediates.noindex/DNAViewer.build/Debug-iphoneos/DNAViewer_iOS.build/DerivedSources/GeneratedAssetSymbols.swift (in target 'DNAViewer_iOS' from project 'DNAViewer')
SwiftCompile normal arm64 /Users/richard/source/DNAViewer/Sources/Models/TranscriptModel.swift (in target 'DNAViewer_iOS' from project 'DNAViewer')
    cd /Users/richard/source/DNAViewer
    

SwiftCompile normal arm64 /Users/richard/source/DNAViewer/Sources/Views/TranslationSheet.swift (in target 'DNAViewer_iOS' from project 'DNAViewer')
    cd /Users/richard/source/DNAViewer
    

SwiftCompile normal arm64 /Users/richard/source/DNAViewer/Sources/Views/VirtualCloningView.swift (in target 'DNAViewer_iOS' from project 'DNAViewer')
    cd /Users/richard/source/DNAViewer
    

SwiftCompile normal arm64 /Users/richard/source/DNAViewer/Sources/Views/GeneStructureView.swift (in target 'DNAViewer_iOS' from project 'DNAViewer')
    cd /Users/richard/source/DNAViewer
    

SwiftCompile normal arm64 /Users/richard/source/DNAViewer/Sources/Views/RestrictionEnzymeView.swift (in target 'DNAViewer_iOS' from project 'DNAViewer')
    cd /Users/richard/source/DNAViewer
    

SwiftCompile normal arm64 /Users/richard/source/DNAViewer/Sources/Views/ViewerView.swift (in target 'DNAViewer_iOS' from project 'DNAViewer')
    cd /Users/richard/source/DNAViewer
    

SwiftCompile normal arm64 /Users/richard/Library/Developer/Xcode/DerivedData/Build/Intermediates.noindex/DNAViewer.build/Debug-iphoneos/DNAViewer_iOS.build/DerivedSources/GeneratedAssetSymbols.swift (in target 'DNAViewer_iOS' from project 'DNAViewer')
    cd /Users/richard/source/DNAViewer
    

SwiftMergeGeneratedHeaders /Users/richard/Library/Developer/Xcode/DerivedData/Build/Intermediates.noindex/DNAViewer.build/Debug-iphoneos/DNAViewer_iOS.build/DerivedSources/DNAViewer-Swift.h /Users/richard/Library/Developer/Xcode/DerivedData/Build/Intermediates.noindex/DNAViewer.build/Debug-iphoneos/DNAViewer_iOS.build/Objects-normal/arm64/DNAViewer-Swift.h (in target 'DNAViewer_iOS' from project 'DNAViewer')
    cd /Users/richard/source/DNAViewer
    builtin-swiftHeaderTool -arch arm64 /Users/richard/Library/Developer/Xcode/DerivedData/Build/Intermediates.noindex/DNAViewer.build/Debug-iphoneos/DNAViewer_iOS.build/Objects-normal/arm64/DNAViewer-Swift.h -o /Users/richard/Library/Developer/Xcode/DerivedData/Build/Intermediates.noindex/DNAViewer.build/Debug-iphoneos/DNAViewer_iOS.build/DerivedSources/DNAViewer-Swift.h

SwiftDriverJobDiscovery normal arm64 Compiling DNASequence+Pairs.swift, ColorPalette.swift, GroupType.swift, DNALadderView.swift, GenomeMapView.swift, DNAViewModel.swift, FASTAParser.swift (in target 'DNAViewer_iOS' from project 'DNAViewer')

Copy /Users/richard/Library/Developer/Xcode/DerivedData/Build/Products/Debug-iphoneos/DNAViewer.swiftmodule/arm64-apple-ios.swiftmodule /Users/richard/Library/Developer/Xcode/DerivedData/Build/Intermediates.noindex/DNAViewer.build/Debug-iphoneos/DNAViewer_iOS.build/Objects-normal/arm64/DNAViewer.swiftmodule (in target 'DNAViewer_iOS' from project 'DNAViewer')
    cd /Users/richard/source/DNAViewer
    builtin-copy -exclude .DS_Store -exclude CVS -exclude .svn -exclude .git -exclude .hg -resolve-src-symlinks -rename /Users/richard/Library/Developer/Xcode/DerivedData/Build/Intermediates.noindex/DNAViewer.build/Debug-iphoneos/DNAViewer_iOS.build/Objects-normal/arm64/DNAViewer.swiftmodule /Users/richard/Library/Developer/Xcode/DerivedData/Build/Products/Debug-iphoneos/DNAViewer.swiftmodule/arm64-apple-ios.swiftmodule

Copy /Users/richard/Library/Developer/Xcode/DerivedData/Build/Products/Debug-iphoneos/DNAViewer.swiftmodule/arm64-apple-ios.swiftdoc /Users/richard/Library/Developer/Xcode/DerivedData/Build/Intermediates.noindex/DNAViewer.build/Debug-iphoneos/DNAViewer_iOS.build/Objects-normal/arm64/DNAViewer.swiftdoc (in target 'DNAViewer_iOS' from project 'DNAViewer')
    cd /Users/richard/source/DNAViewer
    builtin-copy -exclude .DS_Store -exclude CVS -exclude .svn -exclude .git -exclude .hg -resolve-src-symlinks -rename /Users/richard/Library/Developer/Xcode/DerivedData/Build/Intermediates.noindex/DNAViewer.build/Debug-iphoneos/DNAViewer_iOS.build/Objects-normal/arm64/DNAViewer.swiftdoc /Users/richard/Library/Developer/Xcode/DerivedData/Build/Products/Debug-iphoneos/DNAViewer.swiftmodule/arm64-apple-ios.swiftdoc

Copy /Users/richard/Library/Developer/Xcode/DerivedData/Build/Products/Debug-iphoneos/DNAViewer.swiftmodule/arm64-apple-ios.abi.json /Users/richard/Library/Developer/Xcode/DerivedData/Build/Intermediates.noindex/DNAViewer.build/Debug-iphoneos/DNAViewer_iOS.build/Objects-normal/arm64/DNAViewer.abi.json (in target 'DNAViewer_iOS' from project 'DNAViewer')
    cd /Users/richard/source/DNAViewer
    builtin-copy -exclude .DS_Store -exclude CVS -exclude .svn -exclude .git -exclude .hg -resolve-src-symlinks -rename /Users/richard/Library/Developer/Xcode/DerivedData/Build/Intermediates.noindex/DNAViewer.build/Debug-iphoneos/DNAViewer_iOS.build/Objects-normal/arm64/DNAViewer.abi.json /Users/richard/Library/Developer/Xcode/DerivedData/Build/Products/Debug-iphoneos/DNAViewer.swiftmodule/arm64-apple-ios.abi.json

Copy /Users/richard/Library/Developer/Xcode/DerivedData/Build/Products/Debug-iphoneos/DNAViewer.swiftmodule/Project/arm64-apple-ios.swiftsourceinfo /Users/richard/Library/Developer/Xcode/DerivedData/Build/Intermediates.noindex/DNAViewer.build/Debug-iphoneos/DNAViewer_iOS.build/Objects-normal/arm64/DNAViewer.swiftsourceinfo (in target 'DNAViewer_iOS' from project 'DNAViewer')
    cd /Users/richard/source/DNAViewer
    builtin-copy -exclude .DS_Store -exclude CVS -exclude .svn -exclude .git -exclude .hg -resolve-src-symlinks -rename /Users/richard/Library/Developer/Xcode/DerivedData/Build/Intermediates.noindex/DNAViewer.build/Debug-iphoneos/DNAViewer_iOS.build/Objects-normal/arm64/DNAViewer.swiftsourceinfo /Users/richard/Library/Developer/Xcode/DerivedData/Build/Products/Debug-iphoneos/DNAViewer.swiftmodule/Project/arm64-apple-ios.swiftsourceinfo

SwiftDriverJobDiscovery normal arm64 Compiling SequenceDetailView.swift, ContentView.swift, ControlBar.swift, DNAApp.swift, DNASceneManager.swift, DNASequence.swift, BasePair.swift (in target 'DNAViewer_iOS' from project 'DNAViewer')

SwiftDriverJobDiscovery normal arm64 Compiling LadderBuilder.swift, LibraryView.swift, Mutation.swift, ChromosomeIdeogramView.swift, GeneImporter.swift, MutationSheet.swift, DNAFragment.swift (in target 'DNAViewer_iOS' from project 'DNAViewer')

SwiftDriverJobDiscovery normal arm64 Compiling SequenceAnalyzer.swift, TransformationAnimationView.swift, VerificationGuideView.swift, SequenceBar.swift, SettingsView.swift, GeneViewModel.swift, SidebarMenu.swift (in target 'DNAViewer_iOS' from project 'DNAViewer')

SwiftDriverJobDiscovery normal arm64 Compiling GeneFeature.swift, CloningVisualizationView.swift, GelElectrophoresisView.swift, HelixBuilder.swift, HomeView.swift, SequenceBoxView.swift, InfoSheet.swift (in target 'DNAViewer_iOS' from project 'DNAViewer')

LinkAssetCatalog /Users/richard/source/DNAViewer/Sources/Resources/Assets.xcassets (in target 'DNAViewer_iOS' from project 'DNAViewer')
    cd /Users/richard/source/DNAViewer
    builtin-linkAssetCatalog --thinned /Users/richard/Library/Developer/Xcode/DerivedData/Build/Intermediates.noindex/DNAViewer.build/Debug-iphoneos/DNAViewer_iOS.build/assetcatalog_output/thinned --thinned-dependencies /Users/richard/Library/Developer/Xcode/DerivedData/Build/Intermediates.noindex/DNAViewer.build/Debug-iphoneos/DNAViewer_iOS.build/assetcatalog_dependencies_thinned --thinned-info-plist-content /Users/richard/Library/Developer/Xcode/DerivedData/Build/Intermediates.noindex/DNAViewer.build/Debug-iphoneos/DNAViewer_iOS.build/assetcatalog_generated_info.plist_thinned --unthinned /Users/richard/Library/Developer/Xcode/DerivedData/Build/Intermediates.noindex/DNAViewer.build/Debug-iphoneos/DNAViewer_iOS.build/assetcatalog_output/unthinned --unthinned-dependencies /Users/richard/Library/Developer/Xcode/DerivedData/Build/Intermediates.noindex/DNAViewer.build/Debug-iphoneos/DNAViewer_iOS.build/assetcatalog_dependencies_unthinned --unthinned-info-plist-content /Users/richard/Library/Developer/Xcode/DerivedData/Build/Intermediates.noindex/DNAViewer.build/Debug-iphoneos/DNAViewer_iOS.build/assetcatalog_generated_info.plist_unthinned --output /Users/richard/Library/Developer/Xcode/DerivedData/Build/Products/Debug-iphoneos/DNAViewer.app --plist-output /Users/richard/Library/Developer/Xcode/DerivedData/Build/Intermediates.noindex/DNAViewer.build/Debug-iphoneos/DNAViewer_iOS.build/assetcatalog_generated_info.plist
note: Emplaced /Users/richard/Library/Developer/Xcode/DerivedData/Build/Products/Debug-iphoneos/DNAViewer.app/AppIcon76x76@2x~ipad.png (in target 'DNAViewer_iOS' from project 'DNAViewer')
note: Emplaced /Users/richard/Library/Developer/Xcode/DerivedData/Build/Products/Debug-iphoneos/DNAViewer.app/AppIcon60x60@2x.png (in target 'DNAViewer_iOS' from project 'DNAViewer')
note: Emplaced /Users/richard/Library/Developer/Xcode/DerivedData/Build/Products/Debug-iphoneos/DNAViewer.app/Assets.car (in target 'DNAViewer_iOS' from project 'DNAViewer')

ProcessInfoPlistFile /Users/richard/Library/Developer/Xcode/DerivedData/Build/Products/Debug-iphoneos/DNAViewer.app/Info.plist /Users/richard/source/DNAViewer/Sources/Info.plist (in target 'DNAViewer_iOS' from project 'DNAViewer')
    cd /Users/richard/source/DNAViewer
    builtin-infoPlistUtility /Users/richard/source/DNAViewer/Sources/Info.plist -producttype com.apple.product-type.application -genpkginfo /Users/richard/Library/Developer/Xcode/DerivedData/Build/Products/Debug-iphoneos/DNAViewer.app/PkgInfo -expandbuildsettings -format binary -platform iphoneos -additionalcontentfile /Users/richard/Library/Developer/Xcode/DerivedData/Build/Intermediates.noindex/DNAViewer.build/Debug-iphoneos/DNAViewer_iOS.build/assetcatalog_generated_info.plist -requiredArchitecture arm64 -o /Users/richard/Library/Developer/Xcode/DerivedData/Build/Products/Debug-iphoneos/DNAViewer.app/Info.plist

SwiftDriverJobDiscovery normal arm64 Compiling AnalysisSheet.swift, EnsemblAPIService.swift, BallStickBuilder.swift, CacheManager.swift, GeneModel.swift, LanguageHelper.swift, Codon.swift, ColorSettings.swift (in target 'DNAViewer_iOS' from project 'DNAViewer')

SwiftDriverJobDiscovery normal arm64 Compiling TranscriptModel.swift, TranslationSheet.swift, VirtualCloningView.swift, GeneStructureView.swift, RestrictionEnzymeView.swift, ViewerView.swift, GeneratedAssetSymbols.swift (in target 'DNAViewer_iOS' from project 'DNAViewer')

SwiftDriver\ Compilation DNAViewer_iOS normal arm64 com.apple.xcode.tools.swift.compiler (in target 'DNAViewer_iOS' from project 'DNAViewer')
    cd /Users/richard/source/DNAViewer
    builtin-Swift-Compilation -- /Applications/Xcode.app/Contents/Developer/Toolchains/XcodeDefault.xctoolchain/usr/bin/swiftc -module-name DNAViewer -Onone -enforce-exclusivity\=checked @/Users/richard/Library/Developer/Xcode/DerivedData/Build/Intermediates.noindex/DNAViewer.build/Debug-iphoneos/DNAViewer_iOS.build/Objects-normal/arm64/DNAViewer.SwiftFileList -DDEBUG -enable-bare-slash-regex -enable-experimental-feature DebugDescriptionMacro -sdk /Applications/Xcode.app/Contents/Developer/Platforms/iPhoneOS.platform/Developer/SDKs/iPhoneOS18.5.sdk -target arm64-apple-ios15.0 -g -module-cache-path /Users/richard/Library/Developer/Xcode/DerivedData/ModuleCache.noindex -Xfrontend -serialize-debugging-options -enable-testing -index-store-path /Users/richard/Library/Developer/Xcode/DerivedData/DNAViewer-ajrmudwzoxasksbgxryobsgprbdz/Index.noindex/DataStore -swift-version 5 -I /Users/richard/Library/Developer/Xcode/DerivedData/Build/Products/Debug-iphoneos -F /Users/richard/Library/Developer/Xcode/DerivedData/Build/Products/Debug-iphoneos -c -j8 -enable-batch-mode -incremental -Xcc -ivfsstatcache -Xcc /Users/richard/Library/Developer/Xcode/DerivedData/SDKStatCaches.noindex/iphoneos18.5-22F76-7fa4eea80a99bbfdc046826b63ec4baf.sdkstatcache -output-file-map /Users/richard/Library/Developer/Xcode/DerivedData/Build/Intermediates.noindex/DNAViewer.build/Debug-iphoneos/DNAViewer_iOS.build/Objects-normal/arm64/DNAViewer_iOS-OutputFileMap.json -use-frontend-parseable-output -save-temps -no-color-diagnostics -serialize-diagnostics -emit-dependencies -emit-module -emit-module-path /Users/richard/Library/Developer/Xcode/DerivedData/Build/Intermediates.noindex/DNAViewer.build/Debug-iphoneos/DNAViewer_iOS.build/Objects-normal/arm64/DNAViewer.swiftmodule -validate-clang-modules-once -clang-build-session-file /Users/richard/Library/Developer/Xcode/DerivedData/ModuleCache.noindex/Session.modulevalidation -Xcc -I/Users/richard/Library/Developer/Xcode/DerivedData/Build/Intermediates.noindex/DNAViewer.build/Debug-iphoneos/DNAViewer_iOS.build/swift-overrides.hmap -emit-const-values -Xfrontend -const-gather-protocols-file -Xfrontend /Users/richard/Library/Developer/Xcode/DerivedData/Build/Intermediates.noindex/DNAViewer.build/Debug-iphoneos/DNAViewer_iOS.build/Objects-normal/arm64/DNAViewer_iOS_const_extract_protocols.json -Xcc -iquote -Xcc /Users/richard/Library/Developer/Xcode/DerivedData/Build/Intermediates.noindex/DNAViewer.build/Debug-iphoneos/DNAViewer_iOS.build/DNAViewer-generated-files.hmap -Xcc -I/Users/richard/Library/Developer/Xcode/DerivedData/Build/Intermediates.noindex/DNAViewer.build/Debug-iphoneos/DNAViewer_iOS.build/DNAViewer-own-target-headers.hmap -Xcc -I/Users/richard/Library/Developer/Xcode/DerivedData/Build/Intermediates.noindex/DNAViewer.build/Debug-iphoneos/DNAViewer_iOS.build/DNAViewer-all-target-headers.hmap -Xcc -iquote -Xcc /Users/richard/Library/Developer/Xcode/DerivedData/Build/Intermediates.noindex/DNAViewer.build/Debug-iphoneos/DNAViewer_iOS.build/DNAViewer-project-headers.hmap -Xcc -I/Users/richard/Library/Developer/Xcode/DerivedData/Build/Products/Debug-iphoneos/include -Xcc -I/Users/richard/Library/Developer/Xcode/DerivedData/Build/Intermediates.noindex/DNAViewer.build/Debug-iphoneos/DNAViewer_iOS.build/DerivedSources-normal/arm64 -Xcc -I/Users/richard/Library/Developer/Xcode/DerivedData/Build/Intermediates.noindex/DNAViewer.build/Debug-iphoneos/DNAViewer_iOS.build/DerivedSources/arm64 -Xcc -I/Users/richard/Library/Developer/Xcode/DerivedData/Build/Intermediates.noindex/DNAViewer.build/Debug-iphoneos/DNAViewer_iOS.build/DerivedSources -Xcc -DDEBUG\=1 -emit-objc-header -emit-objc-header-path /Users/richard/Library/Developer/Xcode/DerivedData/Build/Intermediates.noindex/DNAViewer.build/Debug-iphoneos/DNAViewer_iOS.build/Objects-normal/arm64/DNAViewer-Swift.h -working-directory /Users/richard/source/DNAViewer -experimental-emit-module-separately -disable-cmo

Ld /Users/richard/Library/Developer/Xcode/DerivedData/Build/Products/Debug-iphoneos/DNAViewer.app/DNAViewer.debug.dylib normal (in target 'DNAViewer_iOS' from project 'DNAViewer')
    cd /Users/richard/source/DNAViewer
    /Applications/Xcode.app/Contents/Developer/Toolchains/XcodeDefault.xctoolchain/usr/bin/clang -Xlinker -reproducible -target arm64-apple-ios15.0 -dynamiclib -isysroot /Applications/Xcode.app/Contents/Developer/Platforms/iPhoneOS.platform/Developer/SDKs/iPhoneOS18.5.sdk -O0 -L/Users/richard/Library/Developer/Xcode/DerivedData/Build/Intermediates.noindex/EagerLinkingTBDs/Debug-iphoneos -L/Users/richard/Library/Developer/Xcode/DerivedData/Build/Products/Debug-iphoneos -F/Users/richard/Library/Developer/Xcode/DerivedData/Build/Intermediates.noindex/EagerLinkingTBDs/Debug-iphoneos -F/Users/richard/Library/Developer/Xcode/DerivedData/Build/Products/Debug-iphoneos -filelist /Users/richard/Library/Developer/Xcode/DerivedData/Build/Intermediates.noindex/DNAViewer.build/Debug-iphoneos/DNAViewer_iOS.build/Objects-normal/arm64/DNAViewer.LinkFileList -install_name @rpath/DNAViewer.debug.dylib -Xlinker -rpath -Xlinker @executable_path/Frameworks -dead_strip -Xlinker -object_path_lto -Xlinker /Users/richard/Library/Developer/Xcode/DerivedData/Build/Intermediates.noindex/DNAViewer.build/Debug-iphoneos/DNAViewer_iOS.build/Objects-normal/arm64/DNAViewer_lto.o -rdynamic -Xlinker -no_deduplicate -Xlinker -dependency_info -Xlinker /Users/richard/Library/Developer/Xcode/DerivedData/Build/Intermediates.noindex/DNAViewer.build/Debug-iphoneos/DNAViewer_iOS.build/Objects-normal/arm64/DNAViewer_dependency_info.dat -fobjc-link-runtime -L/Applications/Xcode.app/Contents/Developer/Toolchains/XcodeDefault.xctoolchain/usr/lib/swift/iphoneos -L/usr/lib/swift -Xlinker -add_ast_path -Xlinker /Users/richard/Library/Developer/Xcode/DerivedData/Build/Intermediates.noindex/DNAViewer.build/Debug-iphoneos/DNAViewer_iOS.build/Objects-normal/arm64/DNAViewer.swiftmodule -Xlinker -alias -Xlinker _main -Xlinker ___debug_main_executable_dylib_entry_point -framework SceneKit -framework Charts -Xlinker -no_adhoc_codesign -o /Users/richard/Library/Developer/Xcode/DerivedData/Build/Products/Debug-iphoneos/DNAViewer.app/DNAViewer.debug.dylib

ConstructStubExecutorLinkFileList /Users/richard/Library/Developer/Xcode/DerivedData/Build/Intermediates.noindex/DNAViewer.build/Debug-iphoneos/DNAViewer_iOS.build/DNAViewer-ExecutorLinkFileList-normal-arm64.txt (in target 'DNAViewer_iOS' from project 'DNAViewer')
    cd /Users/richard/source/DNAViewer
    construct-stub-executor-link-file-list /Users/richard/Library/Developer/Xcode/DerivedData/Build/Products/Debug-iphoneos/DNAViewer.app/DNAViewer.debug.dylib /Applications/Xcode.app/Contents/Developer/Platforms/iPhoneOS.platform/Developer/usr/lib/libPreviewsJITStubExecutor_no_swift_entry_point.a /Applications/Xcode.app/Contents/Developer/Platforms/iPhoneOS.platform/Developer/usr/lib/libPreviewsJITStubExecutor.a --output /Users/richard/Library/Developer/Xcode/DerivedData/Build/Intermediates.noindex/DNAViewer.build/Debug-iphoneos/DNAViewer_iOS.build/DNAViewer-ExecutorLinkFileList-normal-arm64.txt
note: Using stub executor library with Swift entry point. (in target 'DNAViewer_iOS' from project 'DNAViewer')

Ld /Users/richard/Library/Developer/Xcode/DerivedData/Build/Products/Debug-iphoneos/DNAViewer.app/DNAViewer normal (in target 'DNAViewer_iOS' from project 'DNAViewer')
    cd /Users/richard/source/DNAViewer
    /Applications/Xcode.app/Contents/Developer/Toolchains/XcodeDefault.xctoolchain/usr/bin/clang -Xlinker -reproducible -target arm64-apple-ios15.0 -isysroot /Applications/Xcode.app/Contents/Developer/Platforms/iPhoneOS.platform/Developer/SDKs/iPhoneOS18.5.sdk -O0 -L/Users/richard/Library/Developer/Xcode/DerivedData/Build/Products/Debug-iphoneos -F/Users/richard/Library/Developer/Xcode/DerivedData/Build/Products/Debug-iphoneos -Xlinker -rpath -Xlinker @executable_path -Xlinker -rpath -Xlinker @executable_path/Frameworks -rdynamic -Xlinker -no_deduplicate -e ___debug_blank_executor_main -Xlinker -sectcreate -Xlinker __TEXT -Xlinker __debug_dylib -Xlinker /Users/richard/Library/Developer/Xcode/DerivedData/Build/Intermediates.noindex/DNAViewer.build/Debug-iphoneos/DNAViewer_iOS.build/DNAViewer-DebugDylibPath-normal-arm64.txt -Xlinker -sectcreate -Xlinker __TEXT -Xlinker __debug_instlnm -Xlinker /Users/richard/Library/Developer/Xcode/DerivedData/Build/Intermediates.noindex/DNAViewer.build/Debug-iphoneos/DNAViewer_iOS.build/DNAViewer-DebugDylibInstallName-normal-arm64.txt -Xlinker -filelist -Xlinker /Users/richard/Library/Developer/Xcode/DerivedData/Build/Intermediates.noindex/DNAViewer.build/Debug-iphoneos/DNAViewer_iOS.build/DNAViewer-ExecutorLinkFileList-normal-arm64.txt /Users/richard/Library/Developer/Xcode/DerivedData/Build/Products/Debug-iphoneos/DNAViewer.app/DNAViewer.debug.dylib -Xlinker -no_adhoc_codesign -o /Users/richard/Library/Developer/Xcode/DerivedData/Build/Products/Debug-iphoneos/DNAViewer.app/DNAViewer

CopySwiftLibs /Users/richard/Library/Developer/Xcode/DerivedData/Build/Products/Debug-iphoneos/DNAViewer.app (in target 'DNAViewer_iOS' from project 'DNAViewer')
    cd /Users/richard/source/DNAViewer
    builtin-swiftStdLibTool --copy --verbose --sign 4863D66F9BCC84EB0E4DE2CA8EAC576538D0E448 --scan-executable /Users/richard/Library/Developer/Xcode/DerivedData/Build/Products/Debug-iphoneos/DNAViewer.app/DNAViewer.debug.dylib --scan-folder /Users/richard/Library/Developer/Xcode/DerivedData/Build/Products/Debug-iphoneos/DNAViewer.app/Frameworks --scan-folder /Users/richard/Library/Developer/Xcode/DerivedData/Build/Products/Debug-iphoneos/DNAViewer.app/PlugIns --scan-folder /Users/richard/Library/Developer/Xcode/DerivedData/Build/Products/Debug-iphoneos/DNAViewer.app/SystemExtensions --scan-folder /Users/richard/Library/Developer/Xcode/DerivedData/Build/Products/Debug-iphoneos/DNAViewer.app/Extensions --scan-folder /Applications/Xcode.app/Contents/Developer/Platforms/iPhoneOS.platform/Developer/SDKs/iPhoneOS18.5.sdk/System/Library/Frameworks/SceneKit.framework --scan-folder /Applications/Xcode.app/Contents/Developer/Platforms/iPhoneOS.platform/Developer/SDKs/iPhoneOS18.5.sdk/System/Library/Frameworks/Charts.framework --platform iphoneos --toolchain /Applications/Xcode.app/Contents/Developer/Toolchains/XcodeDefault.xctoolchain --destination /Users/richard/Library/Developer/Xcode/DerivedData/Build/Products/Debug-iphoneos/DNAViewer.app/Frameworks --strip-bitcode --strip-bitcode-tool /Applications/Xcode.app/Contents/Developer/Toolchains/XcodeDefault.xctoolchain/usr/bin/bitcode_strip --emit-dependency-info /Users/richard/Library/Developer/Xcode/DerivedData/Build/Intermediates.noindex/DNAViewer.build/Debug-iphoneos/DNAViewer_iOS.build/SwiftStdLibToolInputDependencies.dep --filter-for-swift-os

ExtractAppIntentsMetadata (in target 'DNAViewer_iOS' from project 'DNAViewer')
    cd /Users/richard/source/DNAViewer
    /Applications/Xcode.app/Contents/Developer/Toolchains/XcodeDefault.xctoolchain/usr/bin/appintentsmetadataprocessor --toolchain-dir /Applications/Xcode.app/Contents/Developer/Toolchains/XcodeDefault.xctoolchain --module-name DNAViewer --sdk-root /Applications/Xcode.app/Contents/Developer/Platforms/iPhoneOS.platform/Developer/SDKs/iPhoneOS18.5.sdk --xcode-version 16F6 --platform-family iOS --deployment-target 15.0 --bundle-identifier com.avas.dnaviewer --output /Users/richard/Library/Developer/Xcode/DerivedData/Build/Products/Debug-iphoneos/DNAViewer.app --target-triple arm64-apple-ios15.0 --binary-file /Users/richard/Library/Developer/Xcode/DerivedData/Build/Products/Debug-iphoneos/DNAViewer.app/DNAViewer --dependency-file /Users/richard/Library/Developer/Xcode/DerivedData/Build/Intermediates.noindex/DNAViewer.build/Debug-iphoneos/DNAViewer_iOS.build/Objects-normal/arm64/DNAViewer_dependency_info.dat --stringsdata-file /Users/richard/Library/Developer/Xcode/DerivedData/Build/Intermediates.noindex/DNAViewer.build/Debug-iphoneos/DNAViewer_iOS.build/Objects-normal/arm64/ExtractedAppShortcutsMetadata.stringsdata --source-file-list /Users/richard/Library/Developer/Xcode/DerivedData/Build/Intermediates.noindex/DNAViewer.build/Debug-iphoneos/DNAViewer_iOS.build/Objects-normal/arm64/DNAViewer.SwiftFileList --metadata-file-list /Users/richard/Library/Developer/Xcode/DerivedData/Build/Intermediates.noindex/DNAViewer.build/Debug-iphoneos/DNAViewer_iOS.build/DNAViewer.DependencyMetadataFileList --static-metadata-file-list /Users/richard/Library/Developer/Xcode/DerivedData/Build/Intermediates.noindex/DNAViewer.build/Debug-iphoneos/DNAViewer_iOS.build/DNAViewer.DependencyStaticMetadataFileList --swift-const-vals-list /Users/richard/Library/Developer/Xcode/DerivedData/Build/Intermediates.noindex/DNAViewer.build/Debug-iphoneos/DNAViewer_iOS.build/Objects-normal/arm64/DNAViewer.SwiftConstValuesFileList --compile-time-extraction --deployment-aware-processing --validate-assistant-intents --no-app-shortcuts-localization
2025-10-24 10:30:01.522 appintentsmetadataprocessor[30848:381161] Starting appintentsmetadataprocessor export
2025-10-24 10:30:01.524 appintentsmetadataprocessor[30848:381161] warning: Metadata extraction skipped. No AppIntents.framework dependency found.

AppIntentsSSUTraining (in target 'DNAViewer_iOS' from project 'DNAViewer')
    cd /Users/richard/source/DNAViewer
    /Applications/Xcode.app/Contents/Developer/Toolchains/XcodeDefault.xctoolchain/usr/bin/appintentsnltrainingprocessor --infoplist-path /Users/richard/Library/Developer/Xcode/DerivedData/Build/Products/Debug-iphoneos/DNAViewer.app/Info.plist --temp-dir-path /Users/richard/Library/Developer/Xcode/DerivedData/Build/Intermediates.noindex/DNAViewer.build/Debug-iphoneos/DNAViewer_iOS.build/ssu --bundle-id com.avas.dnaviewer --product-path /Users/richard/Library/Developer/Xcode/DerivedData/Build/Products/Debug-iphoneos/DNAViewer.app --extracted-metadata-path /Users/richard/Library/Developer/Xcode/DerivedData/Build/Products/Debug-iphoneos/DNAViewer.app/Metadata.appintents --metadata-file-list /Users/richard/Library/Developer/Xcode/DerivedData/Build/Intermediates.noindex/DNAViewer.build/Debug-iphoneos/DNAViewer_iOS.build/DNAViewer.DependencyMetadataFileList --archive-ssu-assets
2025-10-24 10:30:01.541 appintentsnltrainingprocessor[30849:381162] Parsing options for appintentsnltrainingprocessor
2025-10-24 10:30:01.542 appintentsnltrainingprocessor[30849:381162] No AppShortcuts found - Skipping.

CodeSign /Users/richard/Library/Developer/Xcode/DerivedData/Build/Products/Debug-iphoneos/DNAViewer.app/DNAViewer.debug.dylib (in target 'DNAViewer_iOS' from project 'DNAViewer')
    cd /Users/richard/source/DNAViewer
    
    Signing Identity:     "Apple Development: JONG HYUN LEE (WZA9WYC976)"
    Provisioning Profile: "iOS Team Provisioning Profile: *"
                          (77473647-9976-46e2-9e04-d8fe39b82ab9)
    
    /usr/bin/codesign --force --sign 4863D66F9BCC84EB0E4DE2CA8EAC576538D0E448 --timestamp\=none --generate-entitlement-der /Users/richard/Library/Developer/Xcode/DerivedData/Build/Products/Debug-iphoneos/DNAViewer.app/DNAViewer.debug.dylib

CodeSign /Users/richard/Library/Developer/Xcode/DerivedData/Build/Products/Debug-iphoneos/DNAViewer.app/__preview.dylib (in target 'DNAViewer_iOS' from project 'DNAViewer')
    cd /Users/richard/source/DNAViewer
    
    Signing Identity:     "Apple Development: JONG HYUN LEE (WZA9WYC976)"
    Provisioning Profile: "iOS Team Provisioning Profile: *"
                          (77473647-9976-46e2-9e04-d8fe39b82ab9)
    
    /usr/bin/codesign --force --sign 4863D66F9BCC84EB0E4DE2CA8EAC576538D0E448 --timestamp\=none --generate-entitlement-der /Users/richard/Library/Developer/Xcode/DerivedData/Build/Products/Debug-iphoneos/DNAViewer.app/__preview.dylib

CodeSign /Users/richard/Library/Developer/Xcode/DerivedData/Build/Products/Debug-iphoneos/DNAViewer.app (in target 'DNAViewer_iOS' from project 'DNAViewer')
    cd /Users/richard/source/DNAViewer
    
    Signing Identity:     "Apple Development: JONG HYUN LEE (WZA9WYC976)"
    Provisioning Profile: "iOS Team Provisioning Profile: *"
                          (77473647-9976-46e2-9e04-d8fe39b82ab9)
    
    /usr/bin/codesign --force --sign 4863D66F9BCC84EB0E4DE2CA8EAC576538D0E448 --entitlements /Users/richard/Library/Developer/Xcode/DerivedData/Build/Intermediates.noindex/DNAViewer.build/Debug-iphoneos/DNAViewer_iOS.build/DNAViewer.app.xcent --timestamp\=none --generate-entitlement-der /Users/richard/Library/Developer/Xcode/DerivedData/Build/Products/Debug-iphoneos/DNAViewer.app

RegisterExecutionPolicyException /Users/richard/Library/Developer/Xcode/DerivedData/Build/Products/Debug-iphoneos/DNAViewer.app (in target 'DNAViewer_iOS' from project 'DNAViewer')
    cd /Users/richard/source/DNAViewer
    builtin-RegisterExecutionPolicyException /Users/richard/Library/Developer/Xcode/DerivedData/Build/Products/Debug-iphoneos/DNAViewer.app

Validate /Users/richard/Library/Developer/Xcode/DerivedData/Build/Products/Debug-iphoneos/DNAViewer.app (in target 'DNAViewer_iOS' from project 'DNAViewer')
    cd /Users/richard/source/DNAViewer
    builtin-validationUtility /Users/richard/Library/Developer/Xcode/DerivedData/Build/Products/Debug-iphoneos/DNAViewer.app -infoplist-subpath Info.plist

Touch /Users/richard/Library/Developer/Xcode/DerivedData/Build/Products/Debug-iphoneos/DNAViewer.app (in target 'DNAViewer_iOS' from project 'DNAViewer')
    cd /Users/richard/source/DNAViewer
    /usr/bin/touch -c /Users/richard/Library/Developer/Xcode/DerivedData/Build/Products/Debug-iphoneos/DNAViewer.app

warning: Skipping duplicate build file in Compile Sources build phase: /Users/richard/source/DNAViewer/Sources/Views/GenomeMap/GenomeMapView.swift (in target 'DNAViewer_iOS' from project 'DNAViewer')
** BUILD SUCCEEDED **

